CRITICAL - 2022-06-10 11:52:54 --> Class 'App\Models\TesteModel' not found
in APPPATH\Controllers\Teste.php on line 39.
 1 SYSTEMPATH\CodeIgniter.php(898): App\Controllers\Teste->BD()
 2 SYSTEMPATH\CodeIgniter.php(468): CodeIgniter\CodeIgniter->runController(Object(App\Controllers\Teste))
 3 SYSTEMPATH\CodeIgniter.php(351): CodeIgniter\CodeIgniter->handleRequest(null, Object(Config\Cache), false)
 4 FCPATH\index.php(55): CodeIgniter\CodeIgniter->run()
CRITICAL - 2022-06-10 11:56:18 --> syntax error, unexpected end of file, expecting function (T_FUNCTION) or const (T_CONST)
in APPPATH\Models\TesteModel.php on line 17.
 1 SYSTEMPATH\Autoloader\Autoloader.php(261): CodeIgniter\Autoloader\Autoloader->includeFile('APPPATH\\Models\\TesteModel.php')
 2 SYSTEMPATH\Autoloader\Autoloader.php(239): CodeIgniter\Autoloader\Autoloader->loadInNamespace('App\\Models\\TesteModel')
 3 [internal function]: CodeIgniter\Autoloader\Autoloader->loadClass('App\\Models\\TesteModel')
 4 APPPATH\Controllers\Teste.php(39): spl_autoload_call('App\\Models\\TesteModel')
 5 SYSTEMPATH\CodeIgniter.php(898): App\Controllers\Teste->BD()
 6 SYSTEMPATH\CodeIgniter.php(468): CodeIgniter\CodeIgniter->runController(Object(App\Controllers\Teste))
 7 SYSTEMPATH\CodeIgniter.php(351): CodeIgniter\CodeIgniter->handleRequest(null, Object(Config\Cache), false)
 8 FCPATH\index.php(55): CodeIgniter\CodeIgniter->run()
ERROR - 2022-06-10 11:56:48 --> Tabela 'maxholder.cliente' não existe
CRITICAL - 2022-06-10 11:56:48 --> Tabela 'maxholder.cliente' não existe
in SYSTEMPATH\Database\MySQLi\Connection.php on line 292.
 1 SYSTEMPATH\Database\MySQLi\Connection.php(292): mysqli->query('select * from cliente', 0)
 2 SYSTEMPATH\Database\BaseConnection.php(678): CodeIgniter\Database\MySQLi\Connection->execute('select * from cliente')
 3 SYSTEMPATH\Database\BaseConnection.php(606): CodeIgniter\Database\BaseConnection->simpleQuery('select * from cliente')
 4 APPPATH\Models\TesteModel.php(14): CodeIgniter\Database\BaseConnection->query('select * from cliente')
 5 APPPATH\Controllers\Teste.php(40): App\Models\TesteModel->testeBd()
 6 SYSTEMPATH\CodeIgniter.php(898): App\Controllers\Teste->BD()
 7 SYSTEMPATH\CodeIgniter.php(468): CodeIgniter\CodeIgniter->runController(Object(App\Controllers\Teste))
 8 SYSTEMPATH\CodeIgniter.php(351): CodeIgniter\CodeIgniter->handleRequest(null, Object(Config\Cache), false)
 9 FCPATH\index.php(55): CodeIgniter\CodeIgniter->run()
CRITICAL - 2022-06-10 11:58:51 --> Array to string conversion
in APPPATH\Controllers\Teste.php on line 45.
 1 APPPATH\Controllers\Teste.php(45): CodeIgniter\Debug\Exceptions->errorHandler(8, 'Array to string conversion', 'APPPATH\\Controllers\\Teste.php', 45, [...])
 2 SYSTEMPATH\CodeIgniter.php(898): App\Controllers\Teste->BD()
 3 SYSTEMPATH\CodeIgniter.php(468): CodeIgniter\CodeIgniter->runController(Object(App\Controllers\Teste))
 4 SYSTEMPATH\CodeIgniter.php(351): CodeIgniter\CodeIgniter->handleRequest(null, Object(Config\Cache), false)
 5 FCPATH\index.php(55): CodeIgniter\CodeIgniter->run()
CRITICAL - 2022-06-10 12:00:25 --> Array to string conversion
in APPPATH\Controllers\Teste.php on line 45.
 1 APPPATH\Controllers\Teste.php(45): CodeIgniter\Debug\Exceptions->errorHandler(8, 'Array to string conversion', 'APPPATH\\Controllers\\Teste.php', 45, [...])
 2 SYSTEMPATH\CodeIgniter.php(898): App\Controllers\Teste->BD()
 3 SYSTEMPATH\CodeIgniter.php(468): CodeIgniter\CodeIgniter->runController(Object(App\Controllers\Teste))
 4 SYSTEMPATH\CodeIgniter.php(351): CodeIgniter\CodeIgniter->handleRequest(null, Object(Config\Cache), false)
 5 FCPATH\index.php(55): CodeIgniter\CodeIgniter->run()
CRITICAL - 2022-06-10 12:05:09 --> Array to string conversion
in APPPATH\Controllers\Teste.php on line 46.
 1 APPPATH\Controllers\Teste.php(46): CodeIgniter\Debug\Exceptions->errorHandler(8, 'Array to string conversion', 'APPPATH\\Controllers\\Teste.php', 46, [...])
 2 SYSTEMPATH\CodeIgniter.php(898): App\Controllers\Teste->BD()
 3 SYSTEMPATH\CodeIgniter.php(468): CodeIgniter\CodeIgniter->runController(Object(App\Controllers\Teste))
 4 SYSTEMPATH\CodeIgniter.php(351): CodeIgniter\CodeIgniter->handleRequest(null, Object(Config\Cache), false)
 5 FCPATH\index.php(55): CodeIgniter\CodeIgniter->run()
CRITICAL - 2022-06-10 12:05:26 --> Call to undefined method CodeIgniter\Database\MySQLi\Result::getArrayResult()
in APPPATH\Models\TesteModel.php on line 15.
 1 APPPATH\Controllers\Teste.php(40): App\Models\TesteModel->testeBd()
 2 SYSTEMPATH\CodeIgniter.php(898): App\Controllers\Teste->BD()
 3 SYSTEMPATH\CodeIgniter.php(468): CodeIgniter\CodeIgniter->runController(Object(App\Controllers\Teste))
 4 SYSTEMPATH\CodeIgniter.php(351): CodeIgniter\CodeIgniter->handleRequest(null, Object(Config\Cache), false)
 5 FCPATH\index.php(55): CodeIgniter\CodeIgniter->run()
CRITICAL - 2022-06-10 12:05:53 --> Array to string conversion
in APPPATH\Controllers\Teste.php on line 46.
 1 APPPATH\Controllers\Teste.php(46): CodeIgniter\Debug\Exceptions->errorHandler(8, 'Array to string conversion', 'APPPATH\\Controllers\\Teste.php', 46, [...])
 2 SYSTEMPATH\CodeIgniter.php(898): App\Controllers\Teste->BD()
 3 SYSTEMPATH\CodeIgniter.php(468): CodeIgniter\CodeIgniter->runController(Object(App\Controllers\Teste))
 4 SYSTEMPATH\CodeIgniter.php(351): CodeIgniter\CodeIgniter->handleRequest(null, Object(Config\Cache), false)
 5 FCPATH\index.php(55): CodeIgniter\CodeIgniter->run()
CRITICAL - 2022-06-10 12:07:18 --> Undefined variable: resuldado
in APPPATH\Controllers\Teste.php on line 45.
 1 APPPATH\Controllers\Teste.php(45): CodeIgniter\Debug\Exceptions->errorHandler(8, 'Undefined variable: resuldado', 'APPPATH\\Controllers\\Teste.php', 45, [...])
 2 SYSTEMPATH\CodeIgniter.php(898): App\Controllers\Teste->BD()
 3 SYSTEMPATH\CodeIgniter.php(468): CodeIgniter\CodeIgniter->runController(Object(App\Controllers\Teste))
 4 SYSTEMPATH\CodeIgniter.php(351): CodeIgniter\CodeIgniter->handleRequest(null, Object(Config\Cache), false)
 5 FCPATH\index.php(55): CodeIgniter\CodeIgniter->run()
CRITICAL - 2022-06-10 12:40:14 --> Class 'App\Models\ContratosModel' not found
in APPPATH\Controllers\Clientes.php on line 13.
 1 SYSTEMPATH\CodeIgniter.php(898): App\Controllers\Clientes->index()
 2 SYSTEMPATH\CodeIgniter.php(468): CodeIgniter\CodeIgniter->runController(Object(App\Controllers\Clientes))
 3 SYSTEMPATH\CodeIgniter.php(351): CodeIgniter\CodeIgniter->handleRequest(null, Object(Config\Cache), false)
 4 FCPATH\index.php(55): CodeIgniter\CodeIgniter->run()
CRITICAL - 2022-06-10 12:40:47 --> Class 'App\Models\ClientesModel' not found
in APPPATH\Controllers\Clientes.php on line 13.
 1 SYSTEMPATH\CodeIgniter.php(898): App\Controllers\Clientes->index()
 2 SYSTEMPATH\CodeIgniter.php(468): CodeIgniter\CodeIgniter->runController(Object(App\Controllers\Clientes))
 3 SYSTEMPATH\CodeIgniter.php(351): CodeIgniter\CodeIgniter->handleRequest(null, Object(Config\Cache), false)
 4 FCPATH\index.php(55): CodeIgniter\CodeIgniter->run()
CRITICAL - 2022-06-10 12:41:12 --> Invalid file: nome_da_view.php
in SYSTEMPATH\Exceptions\FrameworkException.php on line 33.
 1 SYSTEMPATH\View\View.php(201): CodeIgniter\Exceptions\FrameworkException::forInvalidFile('nome_da_view.php')
 2 SYSTEMPATH\Common.php(1135): CodeIgniter\View\View->render('nome_da_view', [], true)
 3 APPPATH\Controllers\Clientes.php(15): view('nome_da_view', [...])
 4 SYSTEMPATH\CodeIgniter.php(898): App\Controllers\Clientes->index()
 5 SYSTEMPATH\CodeIgniter.php(468): CodeIgniter\CodeIgniter->runController(Object(App\Controllers\Clientes))
 6 SYSTEMPATH\CodeIgniter.php(351): CodeIgniter\CodeIgniter->handleRequest(null, Object(Config\Cache), false)
 7 FCPATH\index.php(55): CodeIgniter\CodeIgniter->run()
